
/home/runner/work/exp-slope-deflection-method-i-beams-iitd/exp-slope-deflection-method-i-beams-iitd/experiment/simulation/main.js
    3:14  warning  'FixedmomentAB' is defined but never used      no-unused-vars
   57:10  warning  'FixedmomentBA' is defined but never used      no-unused-vars
  112:14  warning  'FixedmomentBC' is defined but never used      no-unused-vars
  163:14  warning  'FixedmomentCB' is defined but never used      no-unused-vars
  210:10  warning  'displayText2a' is defined but never used      no-unused-vars
  301:10  warning  'finalmoments' is defined but never used       no-unused-vars
  370:10  warning  'reaction1' is defined but never used          no-unused-vars
  433:10  warning  'reaction2' is defined but never used          no-unused-vars
  486:10  warning  'reaction3' is defined but never used          no-unused-vars
  537:10  warning  'reaction4' is defined but never used          no-unused-vars
  590:10  warning  'restart' is defined but never used            no-unused-vars
  597:10  warning  'navNext0' is defined but never used           no-unused-vars
  647:10  warning  'navNext0a' is defined but never used          no-unused-vars
  671:10  warning  'navNext1a' is defined but never used          no-unused-vars
  685:10  warning  'navNext1b' is defined but never used          no-unused-vars
  727:10  warning  'navNext1c' is defined but never used          no-unused-vars
  757:10  warning  'navNext1d' is defined but never used          no-unused-vars
  780:10  warning  'navNext1e' is defined but never used          no-unused-vars
  822:10  warning  'navNext1f' is defined but never used          no-unused-vars
  832:10  warning  'navNext1h' is defined but never used          no-unused-vars
  847:1   warning  '$' is not defined                             no-undef
  848:2   warning  '$' is not defined                             no-undef
  858:10  warning  'add_stand' is defined but never used          no-unused-vars
  894:10  warning  'start_analysis' is defined but never used     no-unused-vars
  898:10  warning  'add_aluminium_bar' is defined but never used  no-unused-vars
  919:10  warning  'start_Analysis' is defined but never used     no-unused-vars

✖ 26 problems (0 errors, 26 warnings)

